<?xml version="1.0" encoding="UTF-8"?>
<!-- Generated by org.testng.reporters.JUnitXMLReporter -->
<testsuite ignored="0" hostname="LTIN274679" failures="0" tests="4" name="Test" time="131.42" errors="0" timestamp="2024-02-14T02:34:46 IST">
  <testcase classname="testcases.TC_001_VerifyUserDetail" name="Verify_account_details" time="7.452"/>
  <testcase classname="testcases.TC_003_newsAndCount" name="news_details" time="8.526"/>
  <testcase classname="testcases.TC_004_clickNewsAndValidating" name="clicking_news" time="67.489"/>
  <testcase classname="testcases.TC_005_allapps_and_tools" name="apps_tools" time="7.771"/>
</testsuite> <!-- Test -->
