<?xml version="1.0" encoding="UTF-8"?>
<!-- Generated by org.testng.reporters.JUnitXMLReporter -->
<testsuite ignored="0" hostname="LTIN274679" failures="0" tests="4" name="Test" time="131.086" errors="0" timestamp="2024-02-14T02:44:09 IST">
  <testcase classname="testcases.TC_001_VerifyUserDetail" name="Verify_account_details" time="6.937"/>
  <testcase classname="testcases.TC_002_newsAndCount" name="news_details" time="7.996"/>
  <testcase classname="testcases.TC_003_clickNewsAndValidating" name="clicking_news" time="63.851"/>
  <testcase classname="testcases.TC_004_allapps_and_tools" name="apps_tools" time="6.895"/>
</testsuite> <!-- Test -->
