<?xml version="1.0" encoding="UTF-8"?>
<testsuite xmlns:xsi="http://www.w3.org/2001/XMLSchema-instance" xsi:noNamespaceSchemaLocation="https://maven.apache.org/surefire/maven-surefire-plugin/xsd/surefire-test-report-3.0.xsd" version="3.0" name="TestSuite" time="135.07" tests="4" errors="0" skipped="0" failures="0">
  <properties>
[...]
</properties>
  <testcase name="Verify_account_details" classname="testcases.TC_001_VerifyUserDetail" time="6.958">
    <system-out><![CDATA[===============username================
Tyagi, Vishal (Cognizant)
===============Email ID================
2303764@cognizant.com
]]></system-out>
    <system-err><![CDATA[SLF4J: Failed to load class "org.slf4j.impl.StaticLoggerBinder".
SLF4J: Defaulting to no-operation (NOP) logger implementation
SLF4J: See http://www.slf4j.org/codes.html#StaticLoggerBinder for further details.
]]></system-err>
  </testcase>
  <testcase name="news_details" classname="testcases.TC_002_newsAndCount" time="7.996">
    <system-out><![CDATA[
total number of news displayed :5
Writing of Total number of news in Excel Done

1 Top 10 takeaways from our Q4 2023 earnings
2 Meet your employee emcees for the 2024 Impact Awards!
3 Meet the finalists of the 2024 Impact Awards
4 Cognizant shines at the Times Group Global Business Summit (GBS)
5 CEO blog: Elevating Cognizant’s stature on the world stage
Writing of First Five news in Excel Done
]]></system-out>
  </testcase>
  <testcase name="clicking_news" classname="testcases.TC_003_clickNewsAndValidating" time="63.851">
    <system-out><![CDATA[================= 1 news ====================
1 Top 10 takeaways from our Q4 2023 earnings
============Homepage=========================
Be.Cognizant - Home


================= 2 news ====================
2 Meet your employee emcees for the 2024 Impact Awards!
============Homepage=========================
Be.Cognizant - Home


================= 3 news ====================
3 Meet the finalists of the 2024 Impact Awards
============Homepage=========================
Be.Cognizant - Home


================= 4 news ====================
4 Cognizant shines at the Times Group Global Business Summit (GBS)
============Homepage=========================
Be.Cognizant - Home


================= 5 news ====================
5 CEO blog: Elevating Cognizant’s stature on the world stage
============Homepage=========================
Be.Cognizant - Home


Tool Tip : Top 10 takeaways from our Q4 2023 earnings
news heading : Top 10 takeaways from our Q4 2023 earnings
Tool Tip : Meet your employee emcees for the 2024 Impact Awards!
news heading : Meet your employee emcees for the 2024 Impact Awards!
Tool Tip : Meet the finalists of the 2024 Impact Awards
news heading : Meet the finalists of the 2024 Impact Awards
Tool Tip : Cognizant shines at the Times Group Global Business Summit (GBS)
news heading : Cognizant shines at the Times Group Global Business Summit (GBS)
Tool Tip : CEO blog: Elevating Cognizant’s stature on the world stage
news heading : CEO blog: Elevating Cognizant’s stature on the world stage
]]></system-out>
  </testcase>
  <testcase name="apps_tools" classname="testcases.TC_004_allapps_and_tools" time="6.897">
    <system-out><![CDATA[Total Apps and Tools: 9
OneCognizant
ESA Timesheet
TruTime
MyService Portal
Engage (Yammer)
Holiday Calendars
Bluebolt Central
Employee Assistance Program (EAP)
All Apps & Tools
Writing all apps and tools name in Excel Done
]]></system-out>
  </testcase>
</testsuite>