<?xml version="1.0" encoding="UTF-8"?>
<testng-results ignored="0" total="4" passed="4" failed="0" skipped="0">
  <reporter-output>
  </reporter-output>
  <suite started-at="2024-02-14T02:32:34 IST" name="Suite" finished-at="2024-02-14T02:34:46 IST" duration-ms="131420">
    <groups>
    </groups>
    <test started-at="2024-02-14T02:32:34 IST" name="Test" finished-at="2024-02-14T02:34:46 IST" duration-ms="131420">
      <class name="testcases.TC_003_newsAndCount">
        <test-method is-config="true" signature="setup(java.lang.String,java.lang.String)[pri:0, instance:testcases.TC_003_newsAndCount@21e360a]" started-at="2024-02-14T02:32:54 IST" name="setup" finished-at="2024-02-14T02:33:01 IST" duration-ms="7392" status="PASS">
          <params>
            <param index="0">
              <value>
                <![CDATA[windows]]>
              </value>
            </param>
            <param index="1">
              <value>
                <![CDATA[chrome]]>
              </value>
            </param>
          </params>
          <reporter-output>
          </reporter-output>
        </test-method> <!-- setup -->
        <test-method signature="news_details()[pri:0, instance:testcases.TC_003_newsAndCount@21e360a]" started-at="2024-02-14T02:33:01 IST" name="news_details" finished-at="2024-02-14T02:33:10 IST" duration-ms="8526" status="PASS">
          <reporter-output>
          </reporter-output>
        </test-method> <!-- news_details -->
        <test-method is-config="true" signature="tearDown()[pri:0, instance:testcases.TC_003_newsAndCount@21e360a]" started-at="2024-02-14T02:33:10 IST" name="tearDown" finished-at="2024-02-14T02:33:11 IST" duration-ms="1216" status="PASS">
          <reporter-output>
          </reporter-output>
        </test-method> <!-- tearDown -->
      </class> <!-- testcases.TC_003_newsAndCount -->
      <class name="testcases.TC_005_allapps_and_tools">
        <test-method is-config="true" signature="setup(java.lang.String,java.lang.String)[pri:0, instance:testcases.TC_005_allapps_and_tools@58d75e99]" started-at="2024-02-14T02:34:27 IST" name="setup" finished-at="2024-02-14T02:34:36 IST" duration-ms="9073" status="PASS">
          <params>
            <param index="0">
              <value>
                <![CDATA[windows]]>
              </value>
            </param>
            <param index="1">
              <value>
                <![CDATA[chrome]]>
              </value>
            </param>
          </params>
          <reporter-output>
          </reporter-output>
        </test-method> <!-- setup -->
        <test-method signature="apps_tools()[pri:1, instance:testcases.TC_005_allapps_and_tools@58d75e99]" started-at="2024-02-14T02:34:36 IST" name="apps_tools" finished-at="2024-02-14T02:34:44 IST" duration-ms="7771" status="PASS">
          <reporter-output>
          </reporter-output>
        </test-method> <!-- apps_tools -->
        <test-method is-config="true" signature="tearDown()[pri:0, instance:testcases.TC_005_allapps_and_tools@58d75e99]" started-at="2024-02-14T02:34:44 IST" name="tearDown" finished-at="2024-02-14T02:34:46 IST" duration-ms="1406" status="PASS">
          <reporter-output>
          </reporter-output>
        </test-method> <!-- tearDown -->
      </class> <!-- testcases.TC_005_allapps_and_tools -->
      <class name="testcases.TC_004_clickNewsAndValidating">
        <test-method is-config="true" signature="setup(java.lang.String,java.lang.String)[pri:0, instance:testcases.TC_004_clickNewsAndValidating@5ba3f27a]" started-at="2024-02-14T02:33:11 IST" name="setup" finished-at="2024-02-14T02:33:18 IST" duration-ms="7714" status="PASS">
          <params>
            <param index="0">
              <value>
                <![CDATA[windows]]>
              </value>
            </param>
            <param index="1">
              <value>
                <![CDATA[chrome]]>
              </value>
            </param>
          </params>
          <reporter-output>
          </reporter-output>
        </test-method> <!-- setup -->
        <test-method signature="clicking_news()[pri:0, instance:testcases.TC_004_clickNewsAndValidating@5ba3f27a]" started-at="2024-02-14T02:33:18 IST" name="clicking_news" finished-at="2024-02-14T02:34:26 IST" duration-ms="67489" status="PASS">
          <reporter-output>
          </reporter-output>
        </test-method> <!-- clicking_news -->
        <test-method is-config="true" signature="tearDown()[pri:0, instance:testcases.TC_004_clickNewsAndValidating@5ba3f27a]" started-at="2024-02-14T02:34:26 IST" name="tearDown" finished-at="2024-02-14T02:34:27 IST" duration-ms="1311" status="PASS">
          <reporter-output>
          </reporter-output>
        </test-method> <!-- tearDown -->
      </class> <!-- testcases.TC_004_clickNewsAndValidating -->
      <class name="testcases.TC_001_VerifyUserDetail">
        <test-method is-config="true" signature="setup(java.lang.String,java.lang.String)[pri:0, instance:testcases.TC_001_VerifyUserDetail@58695725]" started-at="2024-02-14T02:32:35 IST" name="setup" finished-at="2024-02-14T02:32:45 IST" duration-ms="10024" status="PASS">
          <params>
            <param index="0">
              <value>
                <![CDATA[windows]]>
              </value>
            </param>
            <param index="1">
              <value>
                <![CDATA[chrome]]>
              </value>
            </param>
          </params>
          <reporter-output>
          </reporter-output>
        </test-method> <!-- setup -->
        <test-method signature="Verify_account_details()[pri:0, instance:testcases.TC_001_VerifyUserDetail@58695725]" started-at="2024-02-14T02:32:45 IST" name="Verify_account_details" finished-at="2024-02-14T02:32:52 IST" duration-ms="7452" status="PASS">
          <reporter-output>
          </reporter-output>
        </test-method> <!-- Verify_account_details -->
        <test-method is-config="true" signature="tearDown()[pri:0, instance:testcases.TC_001_VerifyUserDetail@58695725]" started-at="2024-02-14T02:32:52 IST" name="tearDown" finished-at="2024-02-14T02:32:54 IST" duration-ms="1309" status="PASS">
          <reporter-output>
          </reporter-output>
        </test-method> <!-- tearDown -->
      </class> <!-- testcases.TC_001_VerifyUserDetail -->
    </test> <!-- Test -->
  </suite> <!-- Suite -->
</testng-results>
