<?xml version="1.0" encoding="UTF-8"?>
<testng-results ignored="0" total="1" passed="1" failed="0" skipped="0">
  <reporter-output>
  </reporter-output>
  <suite started-at="2024-02-06T01:22:27 IST" name="Suite" finished-at="2024-02-06T01:23:12 IST" duration-ms="45602">
    <groups>
    </groups>
    <test started-at="2024-02-06T01:22:27 IST" name="chromeTest" finished-at="2024-02-06T01:23:12 IST" duration-ms="45602">
      <class name="testcases.TC_001">
        <test-method is-config="true" signature="setup(java.lang.String,java.lang.String)[pri:0, instance:testcases.TC_001@6cd28fa7]" started-at="2024-02-06T01:22:27 IST" name="setup" finished-at="2024-02-06T01:22:57 IST" duration-ms="30550" status="PASS">
          <params>
            <param index="0">
              <value>
                <![CDATA[windows]]>
              </value>
            </param>
            <param index="1">
              <value>
                <![CDATA[chrome]]>
              </value>
            </param>
          </params>
          <reporter-output>
          </reporter-output>
        </test-method> <!-- setup -->
        <test-method signature="Verify_account_details()[pri:0, instance:testcases.TC_001@6cd28fa7]" started-at="2024-02-06T01:22:58 IST" name="Verify_account_details" finished-at="2024-02-06T01:23:11 IST" duration-ms="13700" status="PASS">
          <reporter-output>
          </reporter-output>
        </test-method> <!-- Verify_account_details -->
        <test-method is-config="true" signature="tearDown()[pri:0, instance:testcases.TC_001@6cd28fa7]" started-at="2024-02-06T01:23:11 IST" name="tearDown" finished-at="2024-02-06T01:23:12 IST" duration-ms="1270" status="PASS">
          <reporter-output>
          </reporter-output>
        </test-method> <!-- tearDown -->
      </class> <!-- testcases.TC_001 -->
    </test> <!-- chromeTest -->
  </suite> <!-- Suite -->
</testng-results>
